06/08/2019 05:35:57 PM Exiting
06/08/2019 06:21:52 PM Exiting
06/08/2019 06:37:44 PM Exiting
06/08/2019 08:25:28 PM Exiting
06/08/2019 08:30:34 PM Exiting
06/09/2019 10:45:15 PM Buying at: 7706.25
06/09/2019 11:05:44 PM Exiting
06/09/2019 11:15:25 PM Buying at: 7720.65
06/09/2019 11:15:27 PM Exiting
06/09/2019 11:30:27 PM Buying at: 7668.23
06/09/2019 11:30:34 PM Exiting
06/09/2019 11:32:32 PM Exiting
06/09/2019 11:35:14 PM Buying at: 7655.02
06/09/2019 11:35:17 PM Exiting
06/10/2019 12:13:44 AM Exiting
06/10/2019 12:16:47 AM Exiting
06/10/2019 12:19:52 AM Exiting
06/10/2019 12:21:52 AM Buying at: 0.00457285
06/10/2019 12:23:13 AM Exiting
06/10/2019 07:01:46 PM Exiting
06/10/2019 10:57:01 PM Sold at: 0.00462778
06/10/2019 10:57:02 PM Sold at: 0.00462778
06/10/2019 10:57:04 PM Sold at: 0.00462778
06/10/2019 10:57:06 PM Sold at: 0.00462778
06/10/2019 10:57:07 PM Sold at: 0.00462778
06/10/2019 10:57:09 PM Sold at: 0.00462778
06/10/2019 10:57:11 PM Sold at: 0.00462778
06/10/2019 10:57:12 PM Sold at: 0.00462778
06/10/2019 10:57:15 PM Exiting
06/10/2019 10:58:29 PM Sold at: 0.00462423
06/10/2019 10:58:37 PM Sold at: 0.00462423
06/10/2019 10:58:41 PM Exiting
06/10/2019 10:59:54 PM Sold at: 0.00464004
06/10/2019 11:00:01 PM Sold at: 0.00464004
06/10/2019 11:00:07 PM Sold at: 0.00464004
06/10/2019 11:00:12 PM Exiting
06/10/2019 11:02:36 PM Sold at: 0.00462727
06/10/2019 11:02:41 PM Exiting
06/10/2019 11:03:59 PM Exiting
06/10/2019 11:04:24 PM Sold at: 0.00461063
06/10/2019 11:04:30 PM Exiting
06/10/2019 11:05:25 PM Exiting
06/10/2019 11:05:55 PM Exiting
06/10/2019 11:08:01 PM Buying at: 0.00462595
06/10/2019 11:08:09 PM Buying at: 0.00462595
06/10/2019 11:08:15 PM Exiting
06/10/2019 11:15:39 PM Buying at: 0.00463334
06/10/2019 11:16:20 PM Buying at: 0.00463322
06/10/2019 11:16:26 PM Buying at: 0.00463322
06/10/2019 11:16:30 PM Exiting
06/10/2019 11:18:49 PM Buying at: 0.00463322
06/10/2019 11:19:21 PM Buying at: 0.00463322
06/10/2019 11:19:28 PM Buying at: 0.00463322
06/10/2019 11:19:35 PM Exiting
06/10/2019 11:20:32 PM Buying at: 0.00461333
06/10/2019 11:22:36 PM Exiting
06/10/2019 11:23:13 PM Exiting
06/10/2019 11:23:54 PM Exiting
06/10/2019 11:25:26 PM Exiting
06/10/2019 11:26:27 PM Exiting
06/10/2019 11:28:08 PM Sold at: 0.00462029
06/10/2019 11:29:33 PM Exiting
06/10/2019 11:30:22 PM Sold at: 0.00462442
06/10/2019 11:31:07 PM Exiting
06/10/2019 11:31:28 PM Sold at: 0.0046276
06/10/2019 11:31:32 PM Exiting
06/10/2019 11:35:39 PM Exiting
06/10/2019 11:41:44 PM Exiting
06/10/2019 11:43:40 PM Exiting
06/10/2019 11:46:04 PM Exiting
06/10/2019 11:46:43 PM Exiting
06/10/2019 11:47:31 PM Exiting
06/10/2019 11:48:29 PM Exiting
06/12/2019 07:10:44 PM Exiting
06/12/2019 07:16:33 PM Exiting
06/12/2019 07:17:20 PM Exiting
06/12/2019 07:18:23 PM Exiting
06/12/2019 07:19:01 PM Exiting
06/12/2019 07:19:32 PM Exiting
06/12/2019 08:47:57 PM Exiting
06/12/2019 08:48:58 PM Exiting
06/12/2019 08:49:16 PM Exiting
06/12/2019 09:02:08 PM Exiting
06/12/2019 09:45:09 PM Exiting
06/12/2019 09:47:03 PM Exiting
06/12/2019 09:55:29 PM Exiting
06/12/2019 09:57:21 PM Exiting
06/12/2019 10:03:21 PM Exiting
06/12/2019 10:05:55 PM Exiting
06/12/2019 10:06:20 PM Buying at: 0.0044421
06/12/2019 10:07:27 PM Exiting
06/12/2019 10:08:50 PM Buying at: 0.00446376
06/12/2019 10:21:13 PM Exiting
06/12/2019 10:21:25 PM Buying at: 0.00446753
06/12/2019 10:22:20 PM Exiting
06/12/2019 10:24:10 PM Exiting
06/12/2019 10:24:31 PM Buying at: 0.00446753
06/12/2019 10:24:33 PM Sold at: 0.00446753
06/12/2019 10:31:51 PM Exiting
06/12/2019 10:33:01 PM Buying at: 0.00441489
06/12/2019 10:35:21 PM Exiting
06/12/2019 10:35:30 PM Buying at: 0.00442977
06/12/2019 10:35:44 PM Exiting
06/12/2019 10:35:56 PM Buying at: 0.00442977
06/12/2019 10:37:24 PM Sold at: 0.00443535
06/12/2019 10:37:24 PM Win / Lost: 1.0012596590793652
06/12/2019 10:37:27 PM Buying at: 0.00443636
06/12/2019 10:39:28 PM Exiting
06/12/2019 10:39:37 PM Buying at: 0.00443933
06/12/2019 10:41:33 PM Exiting
06/12/2019 10:41:42 PM Buying at: 0.00443636
06/12/2019 11:15:45 PM Buying at: 0.00442023
06/12/2019 11:16:30 PM Exiting
06/12/2019 11:22:00 PM Buying at: 0.00443846
06/12/2019 11:22:03 PM Sold at: 0.00443846
06/12/2019 11:22:03 PM Win / Lost: 0.00443846
06/12/2019 11:22:05 PM Buying at: 0.00443846
06/12/2019 11:22:07 PM Sold at: 0.00443846
06/12/2019 11:22:07 PM Win / Lost: 0.00443846
06/12/2019 11:22:10 PM Buying at: 0.00443846
06/12/2019 11:22:12 PM Sold at: 0.00443846
06/12/2019 11:22:12 PM Win / Lost: 0.00443846
06/12/2019 11:22:14 PM Buying at: 0.00443846
06/12/2019 11:22:17 PM Sold at: 0.00443846
06/12/2019 11:22:17 PM Win / Lost: 0.00443846
06/12/2019 11:22:20 PM Exiting
06/12/2019 11:26:13 PM Buying at: 0.00439955
06/12/2019 11:26:16 PM Sold at: 0.00439955
06/12/2019 11:26:16 PM Win / Lost: 0.00439955
06/12/2019 11:27:09 PM Buying at: 0.00439955
06/12/2019 11:27:11 PM Sold at: 0.00439955
06/12/2019 11:27:11 PM Win / Lost: 0.00439955
06/12/2019 11:29:05 PM Exiting
06/12/2019 11:29:15 PM Buying at: 0.00442075
06/12/2019 11:29:17 PM Sold at: 0.00442075
06/12/2019 11:29:17 PM Win / Lost: 1.0
06/12/2019 11:29:19 PM Buying at: 0.00442075
06/12/2019 11:29:21 PM Sold at: 0.00442075
06/12/2019 11:29:21 PM Win / Lost: 1.0
06/12/2019 11:29:24 PM Buying at: 0.00442075
06/12/2019 11:29:26 PM Sold at: 0.00442075
06/12/2019 11:29:26 PM Win / Lost: 1.0
06/12/2019 11:29:28 PM Buying at: 0.00442075
06/12/2019 11:29:31 PM Sold at: 0.00442075
06/12/2019 11:29:31 PM Win / Lost: 1.0
06/12/2019 11:29:33 PM Exiting
06/12/2019 11:30:43 PM Buying at: 0.0044214
06/12/2019 11:39:46 PM Sold at: 0.0044421
06/12/2019 11:39:46 PM Win / Lost: 1.0046817750033927
06/12/2019 11:39:49 PM Buying at: 0.00444717
06/12/2019 11:40:02 PM Sold at: 0.00444717
06/12/2019 11:40:02 PM Win / Lost: 1.0
06/12/2019 11:40:04 PM Buying at: 0.00444717
06/12/2019 11:42:09 PM Sold at: 0.00445194
06/12/2019 11:42:09 PM Win / Lost: 1.0010725922328132
06/12/2019 11:42:12 PM Buying at: 0.00445639
06/12/2019 11:43:07 PM Sold at: 0.00446056
06/12/2019 11:43:07 PM Win / Lost: 1.000935734978312
06/12/2019 11:43:10 PM Buying at: 0.00446056
06/12/2019 11:45:20 PM Sold at: 0.00444743
06/12/2019 11:45:20 PM Win / Lost: 0.9970564234087199
06/12/2019 11:46:35 PM Buying at: 0.00446376
06/12/2019 11:47:08 PM Sold at: 0.00446376
06/12/2019 11:47:08 PM Win / Lost: 1.0
06/12/2019 11:47:11 PM Buying at: 0.00446376
06/12/2019 11:51:18 PM Exiting
06/12/2019 11:51:29 PM Buying at: 0.00448545
06/13/2019 12:05:53 AM Exiting
